[Fri Jan 18 2019 02:11:49 GMT+0800 (CST)] connectAndObtainWeb3Obj(0): '1.0.0-beta.37'
[Fri Jan 18 2019 02:11:51 GMT+0800 (CST)] unlockEthAccount(1): true
[Fri Jan 18 2019 02:12:14 GMT+0800 (CST)] connectAndObtainWeb3Obj(0): '1.0.0-beta.37'
[Fri Jan 18 2019 02:12:14 GMT+0800 (CST)] retrieveEthAccounts(1): [ '0x78E030450c0B4f41a97134AA0F77099705f9Bb41',
  '0x79724b56359De5eb5B368151AF1A16DD7229335f',
  '0x6cB25AD27e11C99A8B2cbB7bb3d6F7443C7b968f' ]
[Fri Jan 18 2019 02:12:37 GMT+0800 (CST)] connectAndAccessContract(0): '0xC93DBd1991141828c8261dBcbe5Ec57389842A0A'
[Fri Jan 18 2019 02:13:01 GMT+0800 (CST)] connectAndAccessContract(0): '0xC93DBd1991141828c8261dBcbe5Ec57389842A0A'
[Fri Jan 18 2019 02:13:01 GMT+0800 (CST)] _insertAuditData(3): 'Transaction is sent: 0x20bb11b2d9290ae79c93271d1a314a58236ca0afc69bdfe292da211ccb902a11'
[Fri Jan 18 2019 02:13:05 GMT+0800 (CST)] _insertAuditData(4): 'Transaction is received and written.'
[Fri Jan 18 2019 02:13:05 GMT+0800 (CST)] insertAuditData(1): 'Transaction is received and written.'
[Fri Jan 18 2019 02:13:18 GMT+0800 (CST)] connectAndAccessContract(0): '0xC93DBd1991141828c8261dBcbe5Ec57389842A0A'
[Fri Jan 18 2019 02:13:19 GMT+0800 (CST)] getAuditDataByKey(2): ReferenceError: processLog is not defined
    at EthAudit._getAuditDataByKey (/home/yslin/ethereum-audit/lib/eth_audit.js:222:4)
    at <anonymous>
    at process._tickCallback (internal/process/next_tick.js:189:7)
[Fri Jan 18 2019 02:14:02 GMT+0800 (CST)] connectAndAccessContract(0): '0xC93DBd1991141828c8261dBcbe5Ec57389842A0A'
[Fri Jan 18 2019 02:14:02 GMT+0800 (CST)] _getAuditDataCount(3): 'testData0'
[Fri Jan 18 2019 02:14:02 GMT+0800 (CST)] _getAuditDataCount(4): ReferenceError: resolve is not defined
    at EthAudit._getAuditDataByKey (/home/yslin/ethereum-audit/lib/eth_audit.js:220:4)
    at <anonymous>
    at process._tickCallback (internal/process/next_tick.js:189:7)
[Fri Jan 18 2019 02:14:02 GMT+0800 (CST)] getAuditDataByKey(2): ReferenceError: reject is not defined
    at EthAudit._getAuditDataByKey (/home/yslin/ethereum-audit/lib/eth_audit.js:223:4)
    at <anonymous>
    at process._tickCallback (internal/process/next_tick.js:189:7)
[Fri Jan 18 2019 02:15:48 GMT+0800 (CST)] connectAndAccessContract(0): '0xC93DBd1991141828c8261dBcbe5Ec57389842A0A'
[Fri Jan 18 2019 02:15:48 GMT+0800 (CST)] _getAuditDataCount(3): 'testData0'
[Fri Jan 18 2019 02:15:48 GMT+0800 (CST)] getAuditDataByKey(1): 'testData0'
[Fri Jan 18 2019 02:16:01 GMT+0800 (CST)] connectAndAccessContract(0): '0xC93DBd1991141828c8261dBcbe5Ec57389842A0A'
[Fri Jan 18 2019 02:16:01 GMT+0800 (CST)] getAuditDataCount(2): ReferenceError: processLog is not defined
    at EthAudit._getAuditDataCount (/home/yslin/ethereum-audit/lib/eth_audit.js:233:4)
    at <anonymous>
    at process._tickCallback (internal/process/next_tick.js:189:7)
[Fri Jan 18 2019 02:16:15 GMT+0800 (CST)] connectAndAccessContract(0): '0xC93DBd1991141828c8261dBcbe5Ec57389842A0A'
[Fri Jan 18 2019 02:16:15 GMT+0800 (CST)] getAuditDataCount(2): ReferenceError: processLog is not defined
    at EthAudit._getAuditDataCount (/home/yslin/ethereum-audit/lib/eth_audit.js:233:4)
    at <anonymous>
    at process._tickCallback (internal/process/next_tick.js:189:7)
[Fri Jan 18 2019 02:17:01 GMT+0800 (CST)] connectAndAccessContract(0): '0xC93DBd1991141828c8261dBcbe5Ec57389842A0A'
[Fri Jan 18 2019 02:17:01 GMT+0800 (CST)] _getAuditDataCount(1): '3'
[Fri Jan 18 2019 02:17:01 GMT+0800 (CST)] getAuditDataCount(1): '3'
[Fri Jan 18 2019 02:17:16 GMT+0800 (CST)] connectAndAccessContract(0): '0xC93DBd1991141828c8261dBcbe5Ec57389842A0A'
[Fri Jan 18 2019 02:17:16 GMT+0800 (CST)] _getAuditKey(3): 'testKey'
[Fri Jan 18 2019 02:17:16 GMT+0800 (CST)] _getAuditKey(4): ReferenceError: resolve is not defined
    at EthAudit._getAuditKey (/home/yslin/ethereum-audit/lib/eth_audit.js:242:5)
    at <anonymous>
    at process._tickCallback (internal/process/next_tick.js:189:7)
[Fri Jan 18 2019 02:17:16 GMT+0800 (CST)] getAuditKey(2): ReferenceError: reject is not defined
    at EthAudit._getAuditKey (/home/yslin/ethereum-audit/lib/eth_audit.js:245:5)
    at <anonymous>
    at process._tickCallback (internal/process/next_tick.js:189:7)
[Fri Jan 18 2019 02:17:42 GMT+0800 (CST)] connectAndAccessContract(0): '0xC93DBd1991141828c8261dBcbe5Ec57389842A0A'
[Fri Jan 18 2019 02:17:43 GMT+0800 (CST)] _getAuditKey(3): 'testKey'
[Fri Jan 18 2019 02:17:43 GMT+0800 (CST)] getAuditKey(1): 'testKey'
[Fri Jan 18 2019 02:17:53 GMT+0800 (CST)] connectAndAccessContract(0): '0xC93DBd1991141828c8261dBcbe5Ec57389842A0A'
[Fri Jan 18 2019 02:17:54 GMT+0800 (CST)] _getAuditKey(3): 'testKey0'
[Fri Jan 18 2019 02:17:54 GMT+0800 (CST)] getAuditKey(1): 'testKey0'
[Fri Jan 18 2019 02:18:05 GMT+0800 (CST)] connectAndAccessContract(0): '0xC93DBd1991141828c8261dBcbe5Ec57389842A0A'
[Fri Jan 18 2019 02:18:53 GMT+0800 (CST)] connectAndAccessContract(0): '0xC93DBd1991141828c8261dBcbe5Ec57389842A0A'
[Fri Jan 18 2019 02:18:53 GMT+0800 (CST)] _addNewOwner(3): 'Transaction is sent: 0x2345b2d718fa69814f32d9e4fd4bb34229a1ae76d3fee7c93a73b2316eb9e57f'
[Fri Jan 18 2019 02:19:25 GMT+0800 (CST)] _addNewOwner(4): 'Transaction is received and written.'
[Fri Jan 18 2019 02:20:11 GMT+0800 (CST)] connectAndAccessContract(0): '0xC93DBd1991141828c8261dBcbe5Ec57389842A0A'
[Fri Jan 18 2019 02:20:11 GMT+0800 (CST)] _checkIsOwner(3): true
[Fri Jan 18 2019 02:20:11 GMT+0800 (CST)] checkIsOwner(1): true
[Fri Jan 18 2019 02:20:50 GMT+0800 (CST)] connectAndAccessContract(0): '0xC93DBd1991141828c8261dBcbe5Ec57389842A0A'
[Fri Jan 18 2019 02:20:51 GMT+0800 (CST)] _getAuditDataAll(3): [ { testKey: 'testData' },
  { testKeyx: 'testDatax' },
  { testKey0: 'testData0' } ]
[Fri Jan 18 2019 02:20:51 GMT+0800 (CST)] getAuditDataAll(1): [ { testKey: 'testData' },
  { testKeyx: 'testDatax' },
  { testKey0: 'testData0' } ]
[Fri Jan 18 2019 02:29:01 GMT+0800 (CST)] connectAndObtainWeb3Obj(0): '1.0.0-beta.37'
[Fri Jan 18 2019 02:30:48 GMT+0800 (CST)] connectAndObtainWeb3Obj(0): '1.0.0-beta.37'
